Traceback (most recent call last):
  File "/home/bleyerj/.local/lib/python3.12/site-packages/jupyter_cache/executors/utils.py", line 58, in single_nb_execution
    executenb(
  File "/home/bleyerj/.local/lib/python3.12/site-packages/nbclient/client.py", line 1314, in execute
    return NotebookClient(nb=nb, resources=resources, km=km, **kwargs).execute()
           ^^^^^^^^^^^^^^^^^^^^^^^^^^^^^^^^^^^^^^^^^^^^^^^^^^^^^^^^^^^^^^^^^^^^^
  File "/home/bleyerj/.local/lib/python3.12/site-packages/jupyter_core/utils/__init__.py", line 165, in wrapped
    return loop.run_until_complete(inner)
           ^^^^^^^^^^^^^^^^^^^^^^^^^^^^^^
  File "/usr/lib/python3.12/asyncio/base_events.py", line 687, in run_until_complete
    return future.result()
           ^^^^^^^^^^^^^^^
  File "/home/bleyerj/.local/lib/python3.12/site-packages/nbclient/client.py", line 709, in async_execute
    await self.async_execute_cell(
  File "/home/bleyerj/.local/lib/python3.12/site-packages/nbclient/client.py", line 1062, in async_execute_cell
    await self._check_raise_for_error(cell, cell_index, exec_reply)
  File "/home/bleyerj/.local/lib/python3.12/site-packages/nbclient/client.py", line 918, in _check_raise_for_error
    raise CellExecutionError.from_cell_and_msg(cell, exec_reply_content)
nbclient.exceptions.CellExecutionError: An error occurred while executing the following cell:
------------------
crit = MohrCoulomb(ufl.sym(ufl.grad(u)), 2, quadrature_scheme="vertex")
prob.add_convex_term(crit)
------------------


[0;31m---------------------------------------------------------------------------[0m
[0;31mValueError[0m                                Traceback (most recent call last)
Cell [0;32mIn[5], line 1[0m
[0;32m----> 1[0m crit [38;5;241m=[39m [43mMohrCoulomb[49m[43m([49m[43mufl[49m[38;5;241;43m.[39;49m[43msym[49m[43m([49m[43mufl[49m[38;5;241;43m.[39;49m[43mgrad[49m[43m([49m[43mu[49m[43m)[49m[43m)[49m[43m,[49m[43m [49m[38;5;241;43m2[39;49m[43m,[49m[43m [49m[43mquadrature_scheme[49m[38;5;241;43m=[39;49m[38;5;124;43m"[39;49m[38;5;124;43mvertex[39;49m[38;5;124;43m"[39;49m[43m)[49m
[1;32m      2[0m prob[38;5;241m.[39madd_convex_term(crit)

File [0;32m~/Fenics/dolfinx_optim/dolfinx_optim/convex_function/convex_term.py:60[0m, in [0;36mConvexTerm.__init__[0;34m(self, operand, deg_quad, quadrature_scheme, parameters)[0m
[1;32m     58[0m [38;5;28mself[39m[38;5;241m.[39mdeg_quad [38;5;241m=[39m deg_quad
[1;32m     59[0m [38;5;28mself[39m[38;5;241m.[39mquad_scheme [38;5;241m=[39m quadrature_scheme
[0;32m---> 60[0m [38;5;28mself[39m[38;5;241m.[39mW [38;5;241m=[39m [43mgenerate_scalar_quadrature_functionspace[49m[43m([49m
[1;32m     61[0m [43m    [49m[38;5;28;43mself[39;49m[38;5;241;43m.[39;49m[43mdomain[49m[43m,[49m[43m [49m[38;5;28;43mself[39;49m[38;5;241;43m.[39;49m[43mdeg_quad[49m[43m,[49m[43m [49m[38;5;28;43mself[39;49m[38;5;241;43m.[39;49m[43mquad_scheme[49m
[1;32m     62[0m [43m[49m[43m)[49m
[1;32m     63[0m [38;5;28mself[39m[38;5;241m.[39mdx [38;5;241m=[39m ufl[38;5;241m.[39mMeasure(
[1;32m     64[0m     [38;5;124m"[39m[38;5;124mdx[39m[38;5;124m"[39m,
[1;32m     65[0m     domain[38;5;241m=[39m[38;5;28mself[39m[38;5;241m.[39mdomain,
[0;32m   (...)[0m
[1;32m     69[0m     },
[1;32m     70[0m )
[1;32m     72[0m [38;5;28mself[39m[38;5;241m.[39moperand_shape [38;5;241m=[39m ufl[38;5;241m.[39mshape(operand)

File [0;32m~/Fenics/dolfinx_optim/dolfinx_optim/convex_function/convex_term.py:26[0m, in [0;36mgenerate_scalar_quadrature_functionspace[0;34m(domain, deg_quad, scheme)[0m
[1;32m     25[0m [38;5;28;01mdef[39;00m [38;5;21mgenerate_scalar_quadrature_functionspace[39m(domain, deg_quad, scheme[38;5;241m=[39m[38;5;124m"[39m[38;5;124mdefault[39m[38;5;124m"[39m):
[0;32m---> 26[0m     We [38;5;241m=[39m [43mquadrature_element[49m[43m([49m
[1;32m     27[0m [43m        [49m[43mdomain[49m[38;5;241;43m.[39;49m[43mtopology[49m[38;5;241;43m.[39;49m[43mcell_name[49m[43m([49m[43m)[49m[43m,[49m[43m [49m[43mvalue_shape[49m[38;5;241;43m=[39;49m[43m([49m[43m)[49m[43m,[49m[43m [49m[43mscheme[49m[38;5;241;43m=[39;49m[43mscheme[49m[43m,[49m[43m [49m[43mdegree[49m[38;5;241;43m=[39;49m[43mdeg_quad[49m
[1;32m     28[0m [43m    [49m[43m)[49m
[1;32m     29[0m     W [38;5;241m=[39m fem[38;5;241m.[39mfunctionspace(domain, We)
[1;32m     30[0m     [38;5;28;01mreturn[39;00m W

File [0;32m/usr/lib/python3/dist-packages/basix/ufl.py:2214[0m, in [0;36mquadrature_element[0;34m(cell, value_shape, scheme, degree, points, weights, pullback)[0m
[1;32m   2211[0m         points, weights [38;5;241m=[39m _basix[38;5;241m.[39mmake_quadrature(cell, degree)
[1;32m   2212[0m     [38;5;28;01melse[39;00m:
[1;32m   2213[0m         points, weights [38;5;241m=[39m _basix[38;5;241m.[39mmake_quadrature(
[0;32m-> 2214[0m             cell, degree, rule[38;5;241m=[39m[43m_basix[49m[38;5;241;43m.[39;49m[43mquadrature[49m[38;5;241;43m.[39;49m[43mstring_to_type[49m[43m([49m[43mscheme[49m[43m)[49m
[1;32m   2215[0m         )
[1;32m   2217[0m [38;5;28;01massert[39;00m points [38;5;129;01mis[39;00m [38;5;129;01mnot[39;00m [38;5;28;01mNone[39;00m
[1;32m   2218[0m [38;5;28;01massert[39;00m weights [38;5;129;01mis[39;00m [38;5;129;01mnot[39;00m [38;5;28;01mNone[39;00m

File [0;32m/usr/lib/python3/dist-packages/basix/quadrature.py:48[0m, in [0;36mstring_to_type[0;34m(rule)[0m
[1;32m     45[0m     [38;5;28;01mreturn[39;00m QuadratureType[38;5;241m.[39mxiao_gimbutas
[1;32m     47[0m [38;5;28;01mif[39;00m [38;5;129;01mnot[39;00m [38;5;28mhasattr[39m(QuadratureType, rule):
[0;32m---> 48[0m     [38;5;28;01mraise[39;00m [38;5;167;01mValueError[39;00m([38;5;124mf[39m[38;5;124m"[39m[38;5;124mUnknown quadrature rule: [39m[38;5;132;01m{[39;00mrule[38;5;132;01m}[39;00m[38;5;124m"[39m)
[1;32m     49[0m [38;5;28;01mreturn[39;00m [38;5;28mgetattr[39m(QuadratureType, rule)

[0;31mValueError[0m: Unknown quadrature rule: vertex

